C:\Program Files (x86)\Microsoft Visual Studio\2019\Enterprise\MSBuild\Microsoft\VC\v160\Microsoft.CppBuild.targets(499,5): warning MSB8004: Output Directory does not end with a trailing slash.  This build instance will add the slash as it is required to allow proper evaluation of the Output Directory.
  g_cmds.c
D:\Code Workspaces\Git\IT266-Quake2\quake2-full\game\g_cmds.c(34,8): warning C4996: 'strcpy': This function or variable may be unsafe. Consider using strcpy_s instead. To disable deprecation, use _CRT_SECURE_NO_WARNINGS. See online help for details.
D:\Code Workspaces\Git\IT266-Quake2\quake2-full\game\g_cmds.c(57,9): warning C4996: 'strcpy': This function or variable may be unsafe. Consider using strcpy_s instead. To disable deprecation, use _CRT_SECURE_NO_WARNINGS. See online help for details.
D:\Code Workspaces\Git\IT266-Quake2\quake2-full\game\g_cmds.c(58,9): warning C4996: 'strcpy': This function or variable may be unsafe. Consider using strcpy_s instead. To disable deprecation, use _CRT_SECURE_NO_WARNINGS. See online help for details.
D:\Code Workspaces\Git\IT266-Quake2\quake2-full\game\g_cmds.c(722,11): warning C4996: 'strcat': This function or variable may be unsafe. Consider using strcat_s instead. To disable deprecation, use _CRT_SECURE_NO_WARNINGS. See online help for details.
D:\Code Workspaces\Git\IT266-Quake2\quake2-full\game\g_cmds.c(725,10): warning C4996: 'strcat': This function or variable may be unsafe. Consider using strcat_s instead. To disable deprecation, use _CRT_SECURE_NO_WARNINGS. See online help for details.
D:\Code Workspaces\Git\IT266-Quake2\quake2-full\game\g_cmds.c(808,10): warning C4996: 'strcat': This function or variable may be unsafe. Consider using strcat_s instead. To disable deprecation, use _CRT_SECURE_NO_WARNINGS. See online help for details.
D:\Code Workspaces\Git\IT266-Quake2\quake2-full\game\g_cmds.c(809,10): warning C4996: 'strcat': This function or variable may be unsafe. Consider using strcat_s instead. To disable deprecation, use _CRT_SECURE_NO_WARNINGS. See online help for details.
D:\Code Workspaces\Git\IT266-Quake2\quake2-full\game\g_cmds.c(810,10): warning C4996: 'strcat': This function or variable may be unsafe. Consider using strcat_s instead. To disable deprecation, use _CRT_SECURE_NO_WARNINGS. See online help for details.
D:\Code Workspaces\Git\IT266-Quake2\quake2-full\game\g_cmds.c(821,9): warning C4996: 'strcat': This function or variable may be unsafe. Consider using strcat_s instead. To disable deprecation, use _CRT_SECURE_NO_WARNINGS. See online help for details.
D:\Code Workspaces\Git\IT266-Quake2\quake2-full\game\g_cmds.c(828,8): warning C4996: 'strcat': This function or variable may be unsafe. Consider using strcat_s instead. To disable deprecation, use _CRT_SECURE_NO_WARNINGS. See online help for details.
D:\Code Workspaces\Git\IT266-Quake2\quake2-full\game\g_cmds.c(875,13): warning C4459: declaration of 'st' hides global declaration
D:\Code Workspaces\Git\IT266-Quake2\quake2-full\game\g_local.h(456,21): message : see declaration of 'st'
D:\Code Workspaces\Git\IT266-Quake2\quake2-full\game\g_cmds.c(897,9): warning C4996: 'strcat': This function or variable may be unsafe. Consider using strcat_s instead. To disable deprecation, use _CRT_SECURE_NO_WARNINGS. See online help for details.
D:\Code Workspaces\Git\IT266-Quake2\quake2-full\game\g_cmds.c(885,3): warning C4996: 'sprintf': This function or variable may be unsafe. Consider using sprintf_s instead. To disable deprecation, use _CRT_SECURE_NO_WARNINGS. See online help for details.
D:\Code Workspaces\Git\IT266-Quake2\quake2-full\game\g_cmds.c(893,4): warning C4996: 'sprintf': This function or variable may be unsafe. Consider using sprintf_s instead. To disable deprecation, use _CRT_SECURE_NO_WARNINGS. See online help for details.
D:\Code Workspaces\Git\IT266-Quake2\quake2-full\game\g_cmds.c(934,26): warning C4100: 'ent': unreferenced formal parameter
D:\Code Workspaces\Git\IT266-Quake2\quake2-full\game\g_cmds.c(973,28): warning C4100: 'ent': unreferenced formal parameter
D:\Code Workspaces\Git\IT266-Quake2\quake2-full\game\g_cmds.c(986,27): warning C4100: 'ent': unreferenced formal parameter
     Creating library .\..\release\gamex86.lib and object .\..\release\gamex86.exp
  game.vcxproj -> D:\Games\SteamLibrary\steamapps\common\Quake 2\q2zelda\gamex86.dll
